[debug] [2021-03-19T15:37:10.742Z] ----------------------------------------------------------------------
[debug] [2021-03-19T15:37:10.758Z] Command:       /snap/node/3292/bin/node /usr/local/bin/firebase emulators:start
[debug] [2021-03-19T15:37:10.766Z] CLI Version:   9.2.2
[debug] [2021-03-19T15:37:10.766Z] Platform:      linux
[debug] [2021-03-19T15:37:10.766Z] Node Version:  v12.19.0
[debug] [2021-03-19T15:37:10.771Z] Time:          Fri Mar 19 2021 21:07:10 GMT+0530 (India Standard Time)
[debug] [2021-03-19T15:37:10.772Z] ----------------------------------------------------------------------
[debug] [2021-03-19T15:37:10.772Z] 
[debug] [2021-03-19T15:37:11.021Z] > command requires scopes: ["email","openid","https://www.googleapis.com/auth/cloudplatformprojects.readonly","https://www.googleapis.com/auth/firebase","https://www.googleapis.com/auth/cloud-platform"]
[debug] [2021-03-19T15:37:11.022Z] > authorizing via signed-in user
[info] i  emulators: Starting emulators: functions {"metadata":{"emulator":{"name":"hub"},"message":"Starting emulators: functions"}}
[debug] [2021-03-19T15:37:11.064Z] [hub] writing locator at /tmp/hub-kisaanvend.json
[warn] ⚠  functions: The following emulators are not running, calls to these services from the Functions emulator will affect production: auth, firestore, database, hosting, pubsub {"metadata":{"emulator":{"name":"functions"},"message":"The following emulators are not running, calls to these services from the Functions emulator will affect production: \u001b[1mauth, firestore, database, hosting, pubsub\u001b[22m"}}
[info] ✔  functions: Using node@12 from host. {"metadata":{"emulator":{"name":"functions"},"message":"Using node@12 from host."}}
[debug] [2021-03-19T15:37:11.501Z] defaultcredentials: writing to file /home/dell/.config/firebase/pranjalsrivastava148_gmail_com_application_default_credentials.json
[debug] [2021-03-19T15:37:11.569Z] Setting GAC to /home/dell/.config/firebase/pranjalsrivastava148_gmail_com_application_default_credentials.json {"metadata":{"emulator":{"name":"functions"},"message":"Setting GAC to /home/dell/.config/firebase/pranjalsrivastava148_gmail_com_application_default_credentials.json"}}
[debug] [2021-03-19T15:37:11.574Z] > refreshing access token with scopes: []
[debug] [2021-03-19T15:37:11.576Z] >>> HTTP REQUEST POST https://www.googleapis.com/oauth2/v3/token  
 <request body omitted>
[debug] [2021-03-19T15:37:11.994Z] <<< HTTP RESPONSE 200 {"pragma":"no-cache","expires":"Mon, 01 Jan 1990 00:00:00 GMT","date":"Fri, 19 Mar 2021 15:37:12 GMT","cache-control":"no-cache, no-store, max-age=0, must-revalidate","content-type":"application/json; charset=utf-8","vary":"X-Origin, Referer, Origin,Accept-Encoding","server":"scaffolding on HTTPServer2","x-xss-protection":"0","x-frame-options":"SAMEORIGIN","x-content-type-options":"nosniff","alt-svc":"h3-29=\":443\"; ma=2592000,h3-T051=\":443\"; ma=2592000,h3-Q050=\":443\"; ma=2592000,h3-Q046=\":443\"; ma=2592000,h3-Q043=\":443\"; ma=2592000,quic=\":443\"; ma=2592000; v=\"46,43\"","accept-ranges":"none","transfer-encoding":"chunked"}
[debug] [2021-03-19T15:37:12.697Z] >>> [apiv2][query] GET https://firebase.googleapis.com/v1beta1/projects/kisaanvend/adminSdkConfig [none]
[debug] [2021-03-19T15:37:13.557Z] <<< [apiv2][status] GET https://firebase.googleapis.com/v1beta1/projects/kisaanvend/adminSdkConfig 200
[debug] [2021-03-19T15:37:13.557Z] <<< [apiv2][body] GET https://firebase.googleapis.com/v1beta1/projects/kisaanvend/adminSdkConfig {"projectId":"kisaanvend","storageBucket":"kisaanvend.appspot.com","locationId":"us-central"}
[debug] [2021-03-19T15:37:14.111Z] Ignoring unsupported arg: auto_download {"metadata":{"emulator":{"name":"ui"},"message":"Ignoring unsupported arg: auto_download"}}
[debug] [2021-03-19T15:37:14.113Z] Ignoring unsupported arg: port {"metadata":{"emulator":{"name":"ui"},"message":"Ignoring unsupported arg: port"}}
[debug] [2021-03-19T15:37:14.114Z] Starting Emulator UI with command {"binary":"node","args":["/home/dell/.cache/firebase/emulators/ui-v1.4.1/server.bundle.js"],"optionalArgs":[],"joinArgs":false} {"metadata":{"emulator":{"name":"ui"},"message":"Starting Emulator UI with command {\"binary\":\"node\",\"args\":[\"/home/dell/.cache/firebase/emulators/ui-v1.4.1/server.bundle.js\"],\"optionalArgs\":[],\"joinArgs\":false}"}}
[info] i  ui: Emulator UI logging to ui-debug.log {"metadata":{"emulator":{"name":"ui"},"message":"Emulator UI logging to \u001b[1mui-debug.log\u001b[22m"}}
[info] i  functions: Watching "/media/dell/3ADC8576DC852D67/Users/DELL/Documents/Personal Projects/emandi/functions" for Cloud Functions... {"metadata":{"emulator":{"name":"functions"},"message":"Watching \"/media/dell/3ADC8576DC852D67/Users/DELL/Documents/Personal Projects/emandi/functions\" for Cloud Functions..."}}
[debug] [2021-03-19T15:37:14.741Z] [worker-pool] addWorker(~diagnostic~) {"metadata":{"emulator":{"name":"functions"},"message":"[worker-pool] addWorker(~diagnostic~)"}}
[debug] [2021-03-19T15:37:14.742Z] [worker-pool] Adding worker with key ~diagnostic~, total=1 {"metadata":{"emulator":{"name":"functions"},"message":"[worker-pool] Adding worker with key ~diagnostic~, total=1"}}
[debug] [2021-03-19T15:37:14.743Z] [worker-pool] submitWork(triggerId=) {"metadata":{"emulator":{"name":"functions"},"message":"[worker-pool] submitWork(triggerId=)"}}
[debug] [2021-03-19T15:37:14.744Z] [worker-~diagnostic~-60f59e88-6898-40fd-ab16-5bd184e529cc]: Assigning socketPath: /tmp/fire_emu_6187.sock {"metadata":{"emulator":{"name":"functions"},"message":"[worker-~diagnostic~-60f59e88-6898-40fd-ab16-5bd184e529cc]: Assigning socketPath: /tmp/fire_emu_6187.sock"}}
[debug] [2021-03-19T15:37:14.745Z] [worker-~diagnostic~-60f59e88-6898-40fd-ab16-5bd184e529cc]: BUSY {"metadata":{"emulator":{"name":"functions"},"message":"[worker-~diagnostic~-60f59e88-6898-40fd-ab16-5bd184e529cc]: BUSY"}}
[debug] [2021-03-19T15:37:15.144Z] [runtime-status] [6187] Functions runtime initialized. {"cwd":"/media/dell/3ADC8576DC852D67/Users/DELL/Documents/Personal Projects/emandi/functions","node_version":"12.19.0"} {"metadata":{"emulator":{"name":"functions"},"message":"[runtime-status] [6187] Functions runtime initialized. {\"cwd\":\"/media/dell/3ADC8576DC852D67/Users/DELL/Documents/Personal Projects/emandi/functions\",\"node_version\":\"12.19.0\"}"}}
[debug] [2021-03-19T15:37:15.146Z] [runtime-status] [6187] Disabled runtime features: undefined {"metadata":{"emulator":{"name":"functions"},"message":"[runtime-status] [6187] Disabled runtime features: undefined"}}
[debug] [2021-03-19T15:37:15.508Z] [runtime-status] [6187] Resolved module firebase-admin {"declared":true,"installed":true,"version":"9.5.0","resolution":"/media/dell/3ADC8576DC852D67/Users/DELL/Documents/Personal Projects/emandi/functions/node_modules/firebase-admin/lib/index.js"} {"metadata":{"emulator":{"name":"functions"},"message":"[runtime-status] [6187] Resolved module firebase-admin {\"declared\":true,\"installed\":true,\"version\":\"9.5.0\",\"resolution\":\"/media/dell/3ADC8576DC852D67/Users/DELL/Documents/Personal Projects/emandi/functions/node_modules/firebase-admin/lib/index.js\"}"}}
[debug] [2021-03-19T15:37:15.709Z] [runtime-status] [6187] Resolved module firebase-functions {"declared":true,"installed":true,"version":"3.13.2","resolution":"/media/dell/3ADC8576DC852D67/Users/DELL/Documents/Personal Projects/emandi/functions/node_modules/firebase-functions/lib/index.js"} {"metadata":{"emulator":{"name":"functions"},"message":"[runtime-status] [6187] Resolved module firebase-functions {\"declared\":true,\"installed\":true,\"version\":\"3.13.2\",\"resolution\":\"/media/dell/3ADC8576DC852D67/Users/DELL/Documents/Personal Projects/emandi/functions/node_modules/firebase-functions/lib/index.js\"}"}}
[debug] [2021-03-19T15:37:15.792Z] [runtime-status] [6187] Resolved module firebase-functions {"declared":true,"installed":true,"version":"3.13.2","resolution":"/media/dell/3ADC8576DC852D67/Users/DELL/Documents/Personal Projects/emandi/functions/node_modules/firebase-functions/lib/index.js"} {"metadata":{"emulator":{"name":"functions"},"message":"[runtime-status] [6187] Resolved module firebase-functions {\"declared\":true,\"installed\":true,\"version\":\"3.13.2\",\"resolution\":\"/media/dell/3ADC8576DC852D67/Users/DELL/Documents/Personal Projects/emandi/functions/node_modules/firebase-functions/lib/index.js\"}"}}
[debug] [2021-03-19T15:37:15.802Z] [runtime-status] [6187] Outgoing network have been stubbed. [{"name":"http","status":"mocked"},{"name":"http","status":"mocked"},{"name":"https","status":"mocked"},{"name":"https","status":"mocked"},{"name":"net","status":"mocked"}] {"metadata":{"emulator":{"name":"functions"},"message":"[runtime-status] [6187] Outgoing network have been stubbed. [{\"name\":\"http\",\"status\":\"mocked\"},{\"name\":\"http\",\"status\":\"mocked\"},{\"name\":\"https\",\"status\":\"mocked\"},{\"name\":\"https\",\"status\":\"mocked\"},{\"name\":\"net\",\"status\":\"mocked\"}]"}}
[debug] [2021-03-19T15:37:15.808Z] [runtime-status] [6187] Resolved module firebase-functions {"declared":true,"installed":true,"version":"3.13.2","resolution":"/media/dell/3ADC8576DC852D67/Users/DELL/Documents/Personal Projects/emandi/functions/node_modules/firebase-functions/lib/index.js"} {"metadata":{"emulator":{"name":"functions"},"message":"[runtime-status] [6187] Resolved module firebase-functions {\"declared\":true,\"installed\":true,\"version\":\"3.13.2\",\"resolution\":\"/media/dell/3ADC8576DC852D67/Users/DELL/Documents/Personal Projects/emandi/functions/node_modules/firebase-functions/lib/index.js\"}"}}
[debug] [2021-03-19T15:37:18.799Z] [runtime-status] [6187] Checked functions.config() {"config":{}} {"metadata":{"emulator":{"name":"functions"},"message":"[runtime-status] [6187] Checked functions.config() {\"config\":{}}"}}
[debug] [2021-03-19T15:37:18.800Z] [runtime-status] [6187] firebase-functions has been stubbed. {"functionsResolution":{"declared":true,"installed":true,"version":"3.13.2","resolution":"/media/dell/3ADC8576DC852D67/Users/DELL/Documents/Personal Projects/emandi/functions/node_modules/firebase-functions/lib/index.js"}} {"metadata":{"emulator":{"name":"functions"},"message":"[runtime-status] [6187] firebase-functions has been stubbed. {\"functionsResolution\":{\"declared\":true,\"installed\":true,\"version\":\"3.13.2\",\"resolution\":\"/media/dell/3ADC8576DC852D67/Users/DELL/Documents/Personal Projects/emandi/functions/node_modules/firebase-functions/lib/index.js\"}}"}}
[debug] [2021-03-19T15:37:18.804Z] [runtime-status] [6187] Resolved module firebase-functions {"declared":true,"installed":true,"version":"3.13.2","resolution":"/media/dell/3ADC8576DC852D67/Users/DELL/Documents/Personal Projects/emandi/functions/node_modules/firebase-functions/lib/index.js"} {"metadata":{"emulator":{"name":"functions"},"message":"[runtime-status] [6187] Resolved module firebase-functions {\"declared\":true,\"installed\":true,\"version\":\"3.13.2\",\"resolution\":\"/media/dell/3ADC8576DC852D67/Users/DELL/Documents/Personal Projects/emandi/functions/node_modules/firebase-functions/lib/index.js\"}"}}
[debug] [2021-03-19T15:37:18.820Z] [runtime-status] [6187] Resolved module firebase-admin {"declared":true,"installed":true,"version":"9.5.0","resolution":"/media/dell/3ADC8576DC852D67/Users/DELL/Documents/Personal Projects/emandi/functions/node_modules/firebase-admin/lib/index.js"} {"metadata":{"emulator":{"name":"functions"},"message":"[runtime-status] [6187] Resolved module firebase-admin {\"declared\":true,\"installed\":true,\"version\":\"9.5.0\",\"resolution\":\"/media/dell/3ADC8576DC852D67/Users/DELL/Documents/Personal Projects/emandi/functions/node_modules/firebase-admin/lib/index.js\"}"}}
[debug] [2021-03-19T15:37:18.826Z] [runtime-status] [6187] Resolved module firebase-functions {"declared":true,"installed":true,"version":"3.13.2","resolution":"/media/dell/3ADC8576DC852D67/Users/DELL/Documents/Personal Projects/emandi/functions/node_modules/firebase-functions/lib/index.js"} {"metadata":{"emulator":{"name":"functions"},"message":"[runtime-status] [6187] Resolved module firebase-functions {\"declared\":true,\"installed\":true,\"version\":\"3.13.2\",\"resolution\":\"/media/dell/3ADC8576DC852D67/Users/DELL/Documents/Personal Projects/emandi/functions/node_modules/firebase-functions/lib/index.js\"}"}}
[debug] [2021-03-19T15:37:18.830Z] [runtime-status] [6187] firebase-admin has been stubbed. {"adminResolution":{"declared":true,"installed":true,"version":"9.5.0","resolution":"/media/dell/3ADC8576DC852D67/Users/DELL/Documents/Personal Projects/emandi/functions/node_modules/firebase-admin/lib/index.js"}} {"metadata":{"emulator":{"name":"functions"},"message":"[runtime-status] [6187] firebase-admin has been stubbed. {\"adminResolution\":{\"declared\":true,\"installed\":true,\"version\":\"9.5.0\",\"resolution\":\"/media/dell/3ADC8576DC852D67/Users/DELL/Documents/Personal Projects/emandi/functions/node_modules/firebase-admin/lib/index.js\"}}"}}
[info] ✔  functions[api]: http function initialized (http://localhost:5001/kisaanvend/us-central1/api). {"metadata":{"emulator":{"name":"functions"},"message":"\u001b[1mhttp\u001b[22m function initialized (http://localhost:5001/kisaanvend/us-central1/api)."}}
[info] 
┌─────────────────────────────────────────────────────────────┐
│ ✔  All emulators ready! It is now safe to connect your app. │
│ i  View Emulator UI at http://localhost:4000                │
└─────────────────────────────────────────────────────────────┘

┌───────────┬────────────────┬─────────────────────────────────┐
│ Emulator  │ Host:Port      │ View in Emulator UI             │
├───────────┼────────────────┼─────────────────────────────────┤
│ Functions │ localhost:5001 │ http://localhost:4000/functions │
└───────────┴────────────────┴─────────────────────────────────┘
  Emulator Hub running at localhost:4400
  Other reserved ports: 4500

Issues? Report them at https://github.com/firebase/firebase-tools/issues and attach the *-debug.log files.
 
[debug] [2021-03-19T15:37:27.400Z] [worker-~diagnostic~-60f59e88-6898-40fd-ab16-5bd184e529cc]: IDLE {"metadata":{"emulator":{"name":"functions"},"message":"[worker-~diagnostic~-60f59e88-6898-40fd-ab16-5bd184e529cc]: IDLE"}}
[debug] [2021-03-19T15:42:31.190Z] [work-queue] {"queueLength":1,"workRunningCount":0}
[debug] [2021-03-19T15:42:31.191Z] [work-queue] {"queueLength":0,"workRunningCount":1}
[debug] [2021-03-19T15:42:31.192Z] Accepted request POST /kisaanvend/us-central1/api/payments/create?total=49800 --> api
[debug] [2021-03-19T15:42:31.200Z] [worker-pool] addWorker(api) {"metadata":{"emulator":{"name":"functions"},"message":"[worker-pool] addWorker(api)"}}
[debug] [2021-03-19T15:42:31.200Z] [worker-pool] Adding worker with key api, total=1 {"metadata":{"emulator":{"name":"functions"},"message":"[worker-pool] Adding worker with key api, total=1"}}
[debug] [2021-03-19T15:42:31.201Z] [worker-pool] submitWork(triggerId=api) {"metadata":{"emulator":{"name":"functions"},"message":"[worker-pool] submitWork(triggerId=api)"}}
[debug] [2021-03-19T15:42:31.201Z] [worker-api-4e20ff32-a1b4-43cf-8831-361f91a6fe8b]: Assigning socketPath: /tmp/fire_emu_6604.sock {"metadata":{"emulator":{"name":"functions"},"message":"[worker-api-4e20ff32-a1b4-43cf-8831-361f91a6fe8b]: Assigning socketPath: /tmp/fire_emu_6604.sock"}}
[debug] [2021-03-19T15:42:31.201Z] [worker-api-4e20ff32-a1b4-43cf-8831-361f91a6fe8b]: BUSY {"metadata":{"emulator":{"name":"functions"},"message":"[worker-api-4e20ff32-a1b4-43cf-8831-361f91a6fe8b]: BUSY"}}
[debug] [2021-03-19T15:42:31.436Z] [runtime-status] [6604] Functions runtime initialized. {"cwd":"/media/dell/3ADC8576DC852D67/Users/DELL/Documents/Personal Projects/emandi/functions","node_version":"12.19.0"} {"metadata":{"emulator":{"name":"functions"},"function":{"name":"api"},"message":"[runtime-status] [6604] Functions runtime initialized. {\"cwd\":\"/media/dell/3ADC8576DC852D67/Users/DELL/Documents/Personal Projects/emandi/functions\",\"node_version\":\"12.19.0\"}"}}
[debug] [2021-03-19T15:42:31.439Z] [runtime-status] [6604] Disabled runtime features: undefined {"metadata":{"emulator":{"name":"functions"},"function":{"name":"api"},"message":"[runtime-status] [6604] Disabled runtime features: undefined"}}
[debug] [2021-03-19T15:42:31.466Z] [runtime-status] [6604] Resolved module firebase-admin {"declared":true,"installed":true,"version":"9.5.0","resolution":"/media/dell/3ADC8576DC852D67/Users/DELL/Documents/Personal Projects/emandi/functions/node_modules/firebase-admin/lib/index.js"} {"metadata":{"emulator":{"name":"functions"},"function":{"name":"api"},"message":"[runtime-status] [6604] Resolved module firebase-admin {\"declared\":true,\"installed\":true,\"version\":\"9.5.0\",\"resolution\":\"/media/dell/3ADC8576DC852D67/Users/DELL/Documents/Personal Projects/emandi/functions/node_modules/firebase-admin/lib/index.js\"}"}}
[debug] [2021-03-19T15:42:31.477Z] [runtime-status] [6604] Resolved module firebase-functions {"declared":true,"installed":true,"version":"3.13.2","resolution":"/media/dell/3ADC8576DC852D67/Users/DELL/Documents/Personal Projects/emandi/functions/node_modules/firebase-functions/lib/index.js"} {"metadata":{"emulator":{"name":"functions"},"function":{"name":"api"},"message":"[runtime-status] [6604] Resolved module firebase-functions {\"declared\":true,\"installed\":true,\"version\":\"3.13.2\",\"resolution\":\"/media/dell/3ADC8576DC852D67/Users/DELL/Documents/Personal Projects/emandi/functions/node_modules/firebase-functions/lib/index.js\"}"}}
[debug] [2021-03-19T15:42:31.481Z] [runtime-status] [6604] Resolved module firebase-functions {"declared":true,"installed":true,"version":"3.13.2","resolution":"/media/dell/3ADC8576DC852D67/Users/DELL/Documents/Personal Projects/emandi/functions/node_modules/firebase-functions/lib/index.js"} {"metadata":{"emulator":{"name":"functions"},"function":{"name":"api"},"message":"[runtime-status] [6604] Resolved module firebase-functions {\"declared\":true,\"installed\":true,\"version\":\"3.13.2\",\"resolution\":\"/media/dell/3ADC8576DC852D67/Users/DELL/Documents/Personal Projects/emandi/functions/node_modules/firebase-functions/lib/index.js\"}"}}
[debug] [2021-03-19T15:42:31.486Z] [runtime-status] [6604] Outgoing network have been stubbed. [{"name":"http","status":"mocked"},{"name":"http","status":"mocked"},{"name":"https","status":"mocked"},{"name":"https","status":"mocked"},{"name":"net","status":"mocked"}] {"metadata":{"emulator":{"name":"functions"},"function":{"name":"api"},"message":"[runtime-status] [6604] Outgoing network have been stubbed. [{\"name\":\"http\",\"status\":\"mocked\"},{\"name\":\"http\",\"status\":\"mocked\"},{\"name\":\"https\",\"status\":\"mocked\"},{\"name\":\"https\",\"status\":\"mocked\"},{\"name\":\"net\",\"status\":\"mocked\"}]"}}
[debug] [2021-03-19T15:42:31.490Z] [runtime-status] [6604] Resolved module firebase-functions {"declared":true,"installed":true,"version":"3.13.2","resolution":"/media/dell/3ADC8576DC852D67/Users/DELL/Documents/Personal Projects/emandi/functions/node_modules/firebase-functions/lib/index.js"} {"metadata":{"emulator":{"name":"functions"},"function":{"name":"api"},"message":"[runtime-status] [6604] Resolved module firebase-functions {\"declared\":true,\"installed\":true,\"version\":\"3.13.2\",\"resolution\":\"/media/dell/3ADC8576DC852D67/Users/DELL/Documents/Personal Projects/emandi/functions/node_modules/firebase-functions/lib/index.js\"}"}}
[debug] [2021-03-19T15:42:31.652Z] [runtime-status] [6604] Checked functions.config() {"config":{}} {"metadata":{"emulator":{"name":"functions"},"function":{"name":"api"},"message":"[runtime-status] [6604] Checked functions.config() {\"config\":{}}"}}
[debug] [2021-03-19T15:42:31.653Z] [runtime-status] [6604] firebase-functions has been stubbed. {"functionsResolution":{"declared":true,"installed":true,"version":"3.13.2","resolution":"/media/dell/3ADC8576DC852D67/Users/DELL/Documents/Personal Projects/emandi/functions/node_modules/firebase-functions/lib/index.js"}} {"metadata":{"emulator":{"name":"functions"},"function":{"name":"api"},"message":"[runtime-status] [6604] firebase-functions has been stubbed. {\"functionsResolution\":{\"declared\":true,\"installed\":true,\"version\":\"3.13.2\",\"resolution\":\"/media/dell/3ADC8576DC852D67/Users/DELL/Documents/Personal Projects/emandi/functions/node_modules/firebase-functions/lib/index.js\"}}"}}
[debug] [2021-03-19T15:42:31.659Z] [runtime-status] [6604] Resolved module firebase-functions {"declared":true,"installed":true,"version":"3.13.2","resolution":"/media/dell/3ADC8576DC852D67/Users/DELL/Documents/Personal Projects/emandi/functions/node_modules/firebase-functions/lib/index.js"} {"metadata":{"emulator":{"name":"functions"},"function":{"name":"api"},"message":"[runtime-status] [6604] Resolved module firebase-functions {\"declared\":true,\"installed\":true,\"version\":\"3.13.2\",\"resolution\":\"/media/dell/3ADC8576DC852D67/Users/DELL/Documents/Personal Projects/emandi/functions/node_modules/firebase-functions/lib/index.js\"}"}}
[debug] [2021-03-19T15:42:31.660Z] [runtime-status] [6604] Resolved module firebase-admin {"declared":true,"installed":true,"version":"9.5.0","resolution":"/media/dell/3ADC8576DC852D67/Users/DELL/Documents/Personal Projects/emandi/functions/node_modules/firebase-admin/lib/index.js"} {"metadata":{"emulator":{"name":"functions"},"function":{"name":"api"},"message":"[runtime-status] [6604] Resolved module firebase-admin {\"declared\":true,\"installed\":true,\"version\":\"9.5.0\",\"resolution\":\"/media/dell/3ADC8576DC852D67/Users/DELL/Documents/Personal Projects/emandi/functions/node_modules/firebase-admin/lib/index.js\"}"}}
[debug] [2021-03-19T15:42:31.667Z] [runtime-status] [6604] Resolved module firebase-functions {"declared":true,"installed":true,"version":"3.13.2","resolution":"/media/dell/3ADC8576DC852D67/Users/DELL/Documents/Personal Projects/emandi/functions/node_modules/firebase-functions/lib/index.js"} {"metadata":{"emulator":{"name":"functions"},"function":{"name":"api"},"message":"[runtime-status] [6604] Resolved module firebase-functions {\"declared\":true,\"installed\":true,\"version\":\"3.13.2\",\"resolution\":\"/media/dell/3ADC8576DC852D67/Users/DELL/Documents/Personal Projects/emandi/functions/node_modules/firebase-functions/lib/index.js\"}"}}
[debug] [2021-03-19T15:42:31.667Z] [runtime-status] [6604] firebase-admin has been stubbed. {"adminResolution":{"declared":true,"installed":true,"version":"9.5.0","resolution":"/media/dell/3ADC8576DC852D67/Users/DELL/Documents/Personal Projects/emandi/functions/node_modules/firebase-admin/lib/index.js"}} {"metadata":{"emulator":{"name":"functions"},"function":{"name":"api"},"message":"[runtime-status] [6604] firebase-admin has been stubbed. {\"adminResolution\":{\"declared\":true,\"installed\":true,\"version\":\"9.5.0\",\"resolution\":\"/media/dell/3ADC8576DC852D67/Users/DELL/Documents/Personal Projects/emandi/functions/node_modules/firebase-admin/lib/index.js\"}}"}}
[debug] [2021-03-19T15:42:32.619Z] [runtime-status] [6604] Trigger "api" has been found, beginning invocation! {"metadata":{"emulator":{"name":"functions"},"function":{"name":"api"},"message":"[runtime-status] [6604] Trigger \"api\" has been found, beginning invocation!"}}
[info] i  functions: Beginning execution of "api" {"metadata":{"emulator":{"name":"functions"},"function":{"name":"api"},"message":"Beginning execution of \"api\""}}
[debug] [2021-03-19T15:42:32.622Z] [runtime-status] [6604] triggerDefinition {"httpsTrigger":{},"name":"api","entryPoint":"api"} {"metadata":{"emulator":{"name":"functions"},"function":{"name":"api"},"message":"[runtime-status] [6604] triggerDefinition {\"httpsTrigger\":{},\"name\":\"api\",\"entryPoint\":\"api\"}"}}
[debug] [2021-03-19T15:42:32.623Z] [runtime-status] [6604] Running api in mode HTTPS {"metadata":{"emulator":{"name":"functions"},"function":{"name":"api"},"message":"[runtime-status] [6604] Running api in mode HTTPS"}}
[debug] [2021-03-19T15:42:32.633Z] [runtime-status] [6604] Attempting to listen to socketPath: /tmp/fire_emu_6604.sock {"metadata":{"emulator":{"name":"functions"},"function":{"name":"api"},"message":"[runtime-status] [6604] Attempting to listen to socketPath: /tmp/fire_emu_6604.sock"}}
[debug] [2021-03-19T15:42:32.655Z] [functions] Runtime ready! Sending request! {"metadata":{"emulator":{"name":"functions"},"message":"[functions] Runtime ready! Sending request!"}}
[debug] [2021-03-19T15:42:32.657Z] [functions] Got req.url=/kisaanvend/us-central1/api/payments/create?total=49800, mapping to path=/payments/create?total=49800 {"metadata":{"emulator":{"name":"functions"},"message":"[functions] Got req.url=/kisaanvend/us-central1/api/payments/create?total=49800, mapping to path=/payments/create?total=49800"}}
[debug] [2021-03-19T15:42:32.688Z] [runtime-status] [6604] Ephemeral server handling POST request {"metadata":{"emulator":{"name":"functions"},"function":{"name":"api"},"message":"[runtime-status] [6604] Ephemeral server handling POST request"}}
[debug] [2021-03-19T15:42:32.710Z] [runtime-status] [6604] Ephemeral server survived. {"metadata":{"emulator":{"name":"functions"},"function":{"name":"api"},"message":"[runtime-status] [6604] Ephemeral server survived."}}
[info] i  functions: Finished "api" in ~1s {"metadata":{"emulator":{"name":"functions"},"function":{"name":"api"},"message":"Finished \"api\" in ~1s"}}
[debug] [2021-03-19T15:42:34.562Z] [worker-api-4e20ff32-a1b4-43cf-8831-361f91a6fe8b]: IDLE {"metadata":{"emulator":{"name":"functions"},"message":"[worker-api-4e20ff32-a1b4-43cf-8831-361f91a6fe8b]: IDLE"}}
[debug] [2021-03-19T15:42:34.562Z] [work-queue] {"queueLength":0,"workRunningCount":0}
[debug] [2021-03-19T15:42:44.195Z] [work-queue] {"queueLength":1,"workRunningCount":0}
[debug] [2021-03-19T15:42:44.196Z] [work-queue] {"queueLength":0,"workRunningCount":1}
[debug] [2021-03-19T15:42:44.196Z] Accepted request POST /kisaanvend/us-central1/api/payments/create?total=19900 --> api
[debug] [2021-03-19T15:42:44.196Z] [worker-pool] submitWork(triggerId=api) {"metadata":{"emulator":{"name":"functions"},"message":"[worker-pool] submitWork(triggerId=api)"}}
[debug] [2021-03-19T15:42:44.196Z] [worker-api-4e20ff32-a1b4-43cf-8831-361f91a6fe8b]: Assigning socketPath: /tmp/fire_emu_6604.sock {"metadata":{"emulator":{"name":"functions"},"message":"[worker-api-4e20ff32-a1b4-43cf-8831-361f91a6fe8b]: Assigning socketPath: /tmp/fire_emu_6604.sock"}}
[debug] [2021-03-19T15:42:44.197Z] [worker-api-4e20ff32-a1b4-43cf-8831-361f91a6fe8b]: BUSY {"metadata":{"emulator":{"name":"functions"},"message":"[worker-api-4e20ff32-a1b4-43cf-8831-361f91a6fe8b]: BUSY"}}
[debug] [2021-03-19T15:42:44.198Z] [runtime-status] [6604] Trigger "api" has been found, beginning invocation! {"metadata":{"emulator":{"name":"functions"},"function":{"name":"api"},"message":"[runtime-status] [6604] Trigger \"api\" has been found, beginning invocation!"}}
[info] i  functions: Beginning execution of "api" {"metadata":{"emulator":{"name":"functions"},"function":{"name":"api"},"message":"Beginning execution of \"api\""}}
[debug] [2021-03-19T15:42:44.199Z] [runtime-status] [6604] triggerDefinition {"httpsTrigger":{},"name":"api","entryPoint":"api"} {"metadata":{"emulator":{"name":"functions"},"function":{"name":"api"},"message":"[runtime-status] [6604] triggerDefinition {\"httpsTrigger\":{},\"name\":\"api\",\"entryPoint\":\"api\"}"}}
[debug] [2021-03-19T15:42:44.199Z] [runtime-status] [6604] Running api in mode HTTPS {"metadata":{"emulator":{"name":"functions"},"function":{"name":"api"},"message":"[runtime-status] [6604] Running api in mode HTTPS"}}
[debug] [2021-03-19T15:42:44.199Z] [runtime-status] [6604] Attempting to listen to socketPath: /tmp/fire_emu_6604.sock {"metadata":{"emulator":{"name":"functions"},"function":{"name":"api"},"message":"[runtime-status] [6604] Attempting to listen to socketPath: /tmp/fire_emu_6604.sock"}}
[debug] [2021-03-19T15:42:44.201Z] [functions] Runtime ready! Sending request! {"metadata":{"emulator":{"name":"functions"},"message":"[functions] Runtime ready! Sending request!"}}
[debug] [2021-03-19T15:42:44.202Z] [functions] Got req.url=/kisaanvend/us-central1/api/payments/create?total=19900, mapping to path=/payments/create?total=19900 {"metadata":{"emulator":{"name":"functions"},"message":"[functions] Got req.url=/kisaanvend/us-central1/api/payments/create?total=19900, mapping to path=/payments/create?total=19900"}}
[debug] [2021-03-19T15:42:44.211Z] [runtime-status] [6604] Ephemeral server handling POST request {"metadata":{"emulator":{"name":"functions"},"function":{"name":"api"},"message":"[runtime-status] [6604] Ephemeral server handling POST request"}}
[debug] [2021-03-19T15:42:44.212Z] [runtime-status] [6604] Ephemeral server survived. {"metadata":{"emulator":{"name":"functions"},"function":{"name":"api"},"message":"[runtime-status] [6604] Ephemeral server survived."}}
[info] i  functions: Finished "api" in ~1s {"metadata":{"emulator":{"name":"functions"},"function":{"name":"api"},"message":"Finished \"api\" in ~1s"}}
[debug] [2021-03-19T15:42:44.728Z] [worker-api-4e20ff32-a1b4-43cf-8831-361f91a6fe8b]: IDLE {"metadata":{"emulator":{"name":"functions"},"message":"[worker-api-4e20ff32-a1b4-43cf-8831-361f91a6fe8b]: IDLE"}}
[debug] [2021-03-19T15:42:44.728Z] [work-queue] {"queueLength":0,"workRunningCount":0}
[debug] [2021-03-19T15:42:59.342Z] [work-queue] {"queueLength":1,"workRunningCount":0}
[debug] [2021-03-19T15:42:59.342Z] [work-queue] {"queueLength":0,"workRunningCount":1}
[debug] [2021-03-19T15:42:59.343Z] Accepted request POST /kisaanvend/us-central1/api/payments/create?total=0 --> api
[debug] [2021-03-19T15:42:59.343Z] [worker-pool] submitWork(triggerId=api) {"metadata":{"emulator":{"name":"functions"},"message":"[worker-pool] submitWork(triggerId=api)"}}
[debug] [2021-03-19T15:42:59.343Z] [worker-api-4e20ff32-a1b4-43cf-8831-361f91a6fe8b]: Assigning socketPath: /tmp/fire_emu_6604.sock {"metadata":{"emulator":{"name":"functions"},"message":"[worker-api-4e20ff32-a1b4-43cf-8831-361f91a6fe8b]: Assigning socketPath: /tmp/fire_emu_6604.sock"}}
[debug] [2021-03-19T15:42:59.343Z] [worker-api-4e20ff32-a1b4-43cf-8831-361f91a6fe8b]: BUSY {"metadata":{"emulator":{"name":"functions"},"message":"[worker-api-4e20ff32-a1b4-43cf-8831-361f91a6fe8b]: BUSY"}}
[debug] [2021-03-19T15:42:59.353Z] [runtime-status] [6604] Trigger "api" has been found, beginning invocation! {"metadata":{"emulator":{"name":"functions"},"function":{"name":"api"},"message":"[runtime-status] [6604] Trigger \"api\" has been found, beginning invocation!"}}
[info] i  functions: Beginning execution of "api" {"metadata":{"emulator":{"name":"functions"},"function":{"name":"api"},"message":"Beginning execution of \"api\""}}
[debug] [2021-03-19T15:42:59.354Z] [runtime-status] [6604] triggerDefinition {"httpsTrigger":{},"name":"api","entryPoint":"api"} {"metadata":{"emulator":{"name":"functions"},"function":{"name":"api"},"message":"[runtime-status] [6604] triggerDefinition {\"httpsTrigger\":{},\"name\":\"api\",\"entryPoint\":\"api\"}"}}
[debug] [2021-03-19T15:42:59.355Z] [runtime-status] [6604] Running api in mode HTTPS {"metadata":{"emulator":{"name":"functions"},"function":{"name":"api"},"message":"[runtime-status] [6604] Running api in mode HTTPS"}}
[debug] [2021-03-19T15:42:59.355Z] [runtime-status] [6604] Attempting to listen to socketPath: /tmp/fire_emu_6604.sock {"metadata":{"emulator":{"name":"functions"},"function":{"name":"api"},"message":"[runtime-status] [6604] Attempting to listen to socketPath: /tmp/fire_emu_6604.sock"}}
[debug] [2021-03-19T15:42:59.356Z] [functions] Runtime ready! Sending request! {"metadata":{"emulator":{"name":"functions"},"message":"[functions] Runtime ready! Sending request!"}}
[debug] [2021-03-19T15:42:59.357Z] [functions] Got req.url=/kisaanvend/us-central1/api/payments/create?total=0, mapping to path=/payments/create?total=0 {"metadata":{"emulator":{"name":"functions"},"message":"[functions] Got req.url=/kisaanvend/us-central1/api/payments/create?total=0, mapping to path=/payments/create?total=0"}}
[debug] [2021-03-19T15:42:59.372Z] [runtime-status] [6604] Ephemeral server handling POST request {"metadata":{"emulator":{"name":"functions"},"function":{"name":"api"},"message":"[runtime-status] [6604] Ephemeral server handling POST request"}}
[debug] [2021-03-19T15:42:59.372Z] [runtime-status] [6604] Ephemeral server survived. {"metadata":{"emulator":{"name":"functions"},"function":{"name":"api"},"message":"[runtime-status] [6604] Ephemeral server survived."}}
[info] >  (node:6604) UnhandledPromiseRejectionWarning: Error: This value must be greater than or equal to 1. {"user":"(node:6604) UnhandledPromiseRejectionWarning: Error: This value must be greater than or equal to 1.","metadata":{"emulator":{"name":"functions"},"function":{"name":"api"},"message":"\u001b[90m> \u001b[39m (node:6604) UnhandledPromiseRejectionWarning: Error: This value must be greater than or equal to 1."}}
[info] >      at Function.generate (/media/dell/3ADC8576DC852D67/Users/DELL/Documents/Personal Projects/emandi/functions/node_modules/stripe/lib/Error.js:40:16) {"user":"    at Function.generate (/media/dell/3ADC8576DC852D67/Users/DELL/Documents/Personal Projects/emandi/functions/node_modules/stripe/lib/Error.js:40:16)","metadata":{"emulator":{"name":"functions"},"function":{"name":"api"},"message":"\u001b[90m> \u001b[39m     at Function.generate (/media/dell/3ADC8576DC852D67/Users/DELL/Documents/Personal Projects/emandi/functions/node_modules/stripe/lib/Error.js:40:16)"}}
[info] >      at IncomingMessage.<anonymous> (/media/dell/3ADC8576DC852D67/Users/DELL/Documents/Personal Projects/emandi/functions/node_modules/stripe/lib/StripeResource.js:180:33) {"user":"    at IncomingMessage.<anonymous> (/media/dell/3ADC8576DC852D67/Users/DELL/Documents/Personal Projects/emandi/functions/node_modules/stripe/lib/StripeResource.js:180:33)","metadata":{"emulator":{"name":"functions"},"function":{"name":"api"},"message":"\u001b[90m> \u001b[39m     at IncomingMessage.<anonymous> (/media/dell/3ADC8576DC852D67/Users/DELL/Documents/Personal Projects/emandi/functions/node_modules/stripe/lib/StripeResource.js:180:33)"}}
[info] >      at Object.onceWrapper (events.js:420:28) {"user":"    at Object.onceWrapper (events.js:420:28)","metadata":{"emulator":{"name":"functions"},"function":{"name":"api"},"message":"\u001b[90m> \u001b[39m     at Object.onceWrapper (events.js:420:28)"}}
[info] >      at IncomingMessage.emit (events.js:326:22) {"user":"    at IncomingMessage.emit (events.js:326:22)","metadata":{"emulator":{"name":"functions"},"function":{"name":"api"},"message":"\u001b[90m> \u001b[39m     at IncomingMessage.emit (events.js:326:22)"}}
[info] >      at endReadableNT (_stream_readable.js:1223:12) {"user":"    at endReadableNT (_stream_readable.js:1223:12)","metadata":{"emulator":{"name":"functions"},"function":{"name":"api"},"message":"\u001b[90m> \u001b[39m     at endReadableNT (_stream_readable.js:1223:12)"}}
[info] >      at processTicksAndRejections (internal/process/task_queues.js:84:21) {"user":"    at processTicksAndRejections (internal/process/task_queues.js:84:21)","metadata":{"emulator":{"name":"functions"},"function":{"name":"api"},"message":"\u001b[90m> \u001b[39m     at processTicksAndRejections (internal/process/task_queues.js:84:21)"}}
[info] >  (node:6604) UnhandledPromiseRejectionWarning: Unhandled promise rejection. This error originated either by throwing inside of an async function without a catch block, or by rejecting a promise which was not handled with .catch(). To terminate the node process on unhandled promise rejection, use the CLI flag `--unhandled-rejections=strict` (see https://nodejs.org/api/cli.html#cli_unhandled_rejections_mode). (rejection id: 1) {"user":"(node:6604) UnhandledPromiseRejectionWarning: Unhandled promise rejection. This error originated either by throwing inside of an async function without a catch block, or by rejecting a promise which was not handled with .catch(). To terminate the node process on unhandled promise rejection, use the CLI flag `--unhandled-rejections=strict` (see https://nodejs.org/api/cli.html#cli_unhandled_rejections_mode). (rejection id: 1)","metadata":{"emulator":{"name":"functions"},"function":{"name":"api"},"message":"\u001b[90m> \u001b[39m (node:6604) UnhandledPromiseRejectionWarning: Unhandled promise rejection. This error originated either by throwing inside of an async function without a catch block, or by rejecting a promise which was not handled with .catch(). To terminate the node process on unhandled promise rejection, use the CLI flag `--unhandled-rejections=strict` (see https://nodejs.org/api/cli.html#cli_unhandled_rejections_mode). (rejection id: 1)"}}
[info] >  (node:6604) [DEP0018] DeprecationWarning: Unhandled promise rejections are deprecated. In the future, promise rejections that are not handled will terminate the Node.js process with a non-zero exit code. {"user":"(node:6604) [DEP0018] DeprecationWarning: Unhandled promise rejections are deprecated. In the future, promise rejections that are not handled will terminate the Node.js process with a non-zero exit code.","metadata":{"emulator":{"name":"functions"},"function":{"name":"api"},"message":"\u001b[90m> \u001b[39m (node:6604) [DEP0018] DeprecationWarning: Unhandled promise rejections are deprecated. In the future, promise rejections that are not handled will terminate the Node.js process with a non-zero exit code."}}
[warn] ⚠  functions: Your function timed out after ~60s. To configure this timeout, see
      https://firebase.google.com/docs/functions/manage-functions#set_timeout_and_memory_allocation. {"metadata":{"emulator":{"name":"functions"},"function":{"name":"api"},"message":"Your function timed out after ~60s. To configure this timeout, see\n      https://firebase.google.com/docs/functions/manage-functions#set_timeout_and_memory_allocation."}}
[info] >  /usr/local/lib/node_modules/firebase-tools/lib/emulator/functionsEmulatorRuntime.js:640 {"user":"/usr/local/lib/node_modules/firebase-tools/lib/emulator/functionsEmulatorRuntime.js:640","metadata":{"emulator":{"name":"functions"},"function":{"name":"api"},"message":"\u001b[90m> \u001b[39m /usr/local/lib/node_modules/firebase-tools/lib/emulator/functionsEmulatorRuntime.js:640"}}
[info] >              throw new Error("Function timed out."); {"user":"            throw new Error(\"Function timed out.\");","metadata":{"emulator":{"name":"functions"},"function":{"name":"api"},"message":"\u001b[90m> \u001b[39m             throw new Error(\"Function timed out.\");"}}
[info] >              ^ {"user":"            ^","metadata":{"emulator":{"name":"functions"},"function":{"name":"api"},"message":"\u001b[90m> \u001b[39m             ^"}}
[info] >   {"user":"","metadata":{"emulator":{"name":"functions"},"function":{"name":"api"},"message":"\u001b[90m> \u001b[39m "}}
[info] >  Error: Function timed out. {"user":"Error: Function timed out.","metadata":{"emulator":{"name":"functions"},"function":{"name":"api"},"message":"\u001b[90m> \u001b[39m Error: Function timed out."}}
[info] >      at Timeout._onTimeout (/usr/local/lib/node_modules/firebase-tools/lib/emulator/functionsEmulatorRuntime.js:640:19) {"user":"    at Timeout._onTimeout (/usr/local/lib/node_modules/firebase-tools/lib/emulator/functionsEmulatorRuntime.js:640:19)","metadata":{"emulator":{"name":"functions"},"function":{"name":"api"},"message":"\u001b[90m> \u001b[39m     at Timeout._onTimeout (/usr/local/lib/node_modules/firebase-tools/lib/emulator/functionsEmulatorRuntime.js:640:19)"}}
[info] >      at listOnTimeout (internal/timers.js:554:17) {"user":"    at listOnTimeout (internal/timers.js:554:17)","metadata":{"emulator":{"name":"functions"},"function":{"name":"api"},"message":"\u001b[90m> \u001b[39m     at listOnTimeout (internal/timers.js:554:17)"}}
[info] >      at processTimers (internal/timers.js:497:7) {"user":"    at processTimers (internal/timers.js:497:7)","metadata":{"emulator":{"name":"functions"},"function":{"name":"api"},"message":"\u001b[90m> \u001b[39m     at processTimers (internal/timers.js:497:7)"}}
[debug] [2021-03-19T15:43:59.364Z] [worker-api-4e20ff32-a1b4-43cf-8831-361f91a6fe8b]: exited {"metadata":{"emulator":{"name":"functions"},"message":"[worker-api-4e20ff32-a1b4-43cf-8831-361f91a6fe8b]: exited"}}
[debug] [2021-03-19T15:43:59.364Z] [worker-api-4e20ff32-a1b4-43cf-8831-361f91a6fe8b]: FINISHED {"metadata":{"emulator":{"name":"functions"},"message":"[worker-api-4e20ff32-a1b4-43cf-8831-361f91a6fe8b]: FINISHED"}}
[debug] [2021-03-19T15:43:59.365Z] [work-queue] {"queueLength":0,"workRunningCount":0}
